<?xml version="1.0" encoding="UTF-8"?>
<!-- Generated by org.testng.reporters.JUnitXMLReporter -->
<testsuite hostname="inheritxsales" name="Default test" tests="2" failures="0" timestamp="3 Mar 2016 10:19:58 GMT" time="16.161" errors="0">
  <testcase name="testMethodA" time="0.0" classname="com.parameter.example.ParameterByITestContextInDataprovider">
    <skipped/>
  </testcase> <!-- testMethodA -->
  <testcase name="testMethodB" time="0.0" classname="com.parameter.example.ParameterByITestContextInDataprovider">
    <skipped/>
  </testcase> <!-- testMethodB -->
</testsuite> <!-- Default test -->
