<?xml version="1.0" encoding="UTF-8"?>
<!-- Generated by org.testng.reporters.JUnitXMLReporter -->
<testsuite hostname="inheritxsales" name="Default test" tests="3" failures="0" timestamp="2 Dec 2015 07:01:34 GMT" time="0.06" errors="0">
  <testcase name="testRegister" time="0.019" classname="testcases.Registration"/>
  <testcase name="testRegister" time="0.001" classname="testcases.Registration"/>
  <testcase name="testRegister" time="0.0" classname="testcases.Registration"/>
</testsuite> <!-- Default test -->
