<?xml version="1.0" encoding="UTF-8"?>
<!-- Generated by org.testng.reporters.JUnitXMLReporter -->
<testsuite hostname="inheritxsales" name="example2" tests="2" failures="0" timestamp="3 Mar 2016 10:24:39 GMT" time="17.093" errors="0">
  <testcase name="testMethodB" time="3.425" classname="com.parameter.example.ParameterByITestContextInDataprovider"/>
  <testcase name="testMethodB" time="3.189" classname="com.parameter.example.ParameterByITestContextInDataprovider"/>
</testsuite> <!-- example2 -->
