<?xml version="1.0" encoding="UTF-8"?>
<!-- Generated by org.testng.reporters.JUnitXMLReporter -->
<testsuite hostname="inheritxsales" name="example1" tests="2" failures="0" timestamp="3 Mar 2016 10:24:22 GMT" time="16.56" errors="0">
  <testcase name="testMethodA" time="3.445" classname="com.parameter.example.ParameterByITestContextInDataprovider"/>
  <testcase name="testMethodA" time="3.163" classname="com.parameter.example.ParameterByITestContextInDataprovider"/>
</testsuite> <!-- example1 -->
