<?xml version="1.0" encoding="UTF-8"?>
<testng-results skipped="0" failed="0" total="2" passed="2">
  <reporter-output>
  </reporter-output>
  <suite name="Test Suite" duration-ms="13299" started-at="2015-12-03T06:02:44Z" finished-at="2015-12-03T06:02:57Z">
    <groups>
    </groups>
    <test name="ChromeTest" duration-ms="6128" started-at="2015-12-03T06:02:44Z" finished-at="2015-12-03T06:02:50Z">
      <class name="parallelTest.CrossBrowserScript">
        <test-method status="PASS" signature="testBrowser(java.lang.String)[pri:0, instance:parallelTest.CrossBrowserScript@12036a1]" name="testBrowser" is-config="true" duration-ms="2848" started-at="2015-12-03T11:32:44Z" finished-at="2015-12-03T11:32:47Z">
          <params>
            <param index="0">
              <value>
                <![CDATA[chrome]]>
              </value>
            </param>
          </params>
          <reporter-output>
          </reporter-output>
        </test-method> <!-- testBrowser -->
        <test-method status="PASS" signature="login()[pri:0, instance:parallelTest.CrossBrowserScript@12036a1]" name="login" duration-ms="3086" started-at="2015-12-03T11:32:47Z" finished-at="2015-12-03T11:32:50Z">
          <reporter-output>
          </reporter-output>
        </test-method> <!-- login -->
        <test-method status="PASS" signature="quite()[pri:0, instance:parallelTest.CrossBrowserScript@12036a1]" name="quite" is-config="true" duration-ms="170" started-at="2015-12-03T11:32:50Z" finished-at="2015-12-03T11:32:50Z">
          <reporter-output>
          </reporter-output>
        </test-method> <!-- quite -->
      </class> <!-- parallelTest.CrossBrowserScript -->
    </test> <!-- ChromeTest -->
    <test name="FireFox" duration-ms="7118" started-at="2015-12-03T06:02:50Z" finished-at="2015-12-03T06:02:57Z">
      <class name="parallelTest.CrossBrowserScript">
        <test-method status="PASS" signature="testBrowser(java.lang.String)[pri:0, instance:parallelTest.CrossBrowserScript@136d8e4]" name="testBrowser" is-config="true" duration-ms="4387" started-at="2015-12-03T11:32:50Z" finished-at="2015-12-03T11:32:55Z">
          <params>
            <param index="0">
              <value>
                <![CDATA[firefox]]>
              </value>
            </param>
          </params>
          <reporter-output>
          </reporter-output>
        </test-method> <!-- testBrowser -->
        <test-method status="PASS" signature="login()[pri:0, instance:parallelTest.CrossBrowserScript@136d8e4]" name="login" duration-ms="2720" started-at="2015-12-03T11:32:55Z" finished-at="2015-12-03T11:32:57Z">
          <reporter-output>
          </reporter-output>
        </test-method> <!-- login -->
        <test-method status="PASS" signature="quite()[pri:0, instance:parallelTest.CrossBrowserScript@136d8e4]" name="quite" is-config="true" duration-ms="10" started-at="2015-12-03T11:32:57Z" finished-at="2015-12-03T11:32:57Z">
          <reporter-output>
          </reporter-output>
        </test-method> <!-- quite -->
      </class> <!-- parallelTest.CrossBrowserScript -->
    </test> <!-- FireFox -->
  </suite> <!-- Test Suite -->
</testng-results>
